<?xml version="1.0" encoding="UTF-8"?>
<testng-results ignored="0" total="2" passed="2" failed="0" skipped="0">
  <reporter-output>
  </reporter-output>
  <suite started-at="2022-06-08T20:21:44 IST" name="Suite" finished-at="2022-06-08T20:21:45 IST" duration-ms="110">
    <groups>
    </groups>
    <test started-at="2022-06-08T20:21:44 IST" name="Test" finished-at="2022-06-08T20:21:45 IST" duration-ms="110">
      <class name="QAVaidehi.SeleniumTest">
        <test-method signature="Appium1()[pri:0, instance:QAVaidehi.SeleniumTest@3daa422a]" started-at="2022-06-08T20:21:45 IST" name="Appium1" finished-at="2022-06-08T20:21:45 IST" duration-ms="15" status="PASS">
          <reporter-output>
          </reporter-output>
        </test-method> <!-- Appium1 -->
        <test-method signature="Appium2()[pri:0, instance:QAVaidehi.SeleniumTest@3daa422a]" started-at="2022-06-08T20:21:45 IST" name="Appium2" finished-at="2022-06-08T20:21:45 IST" duration-ms="0" status="PASS">
          <reporter-output>
          </reporter-output>
        </test-method> <!-- Appium2 -->
      </class> <!-- QAVaidehi.SeleniumTest -->
    </test> <!-- Test -->
  </suite> <!-- Suite -->
</testng-results>
