<?xml version="1.0" encoding="UTF-8"?>
<testng-results ignored="0" total="1" passed="1" failed="0" skipped="0">
  <reporter-output>
  </reporter-output>
  <suite started-at="2022-06-14T14:02:01Z" name="Suite" finished-at="2022-06-14T14:02:01Z" duration-ms="71">
    <groups>
    </groups>
    <test started-at="2022-06-14T14:02:01Z" name="Test" finished-at="2022-06-14T14:02:01Z" duration-ms="71">
      <class name="QAVaidehi.SeleniumTest">
        <test-method is-config="true" signature="Appium2()[pri:0, instance:QAVaidehi.SeleniumTest@79b06cab]" started-at="2022-06-14T14:02:01Z" name="Appium2" finished-at="2022-06-14T14:02:01Z" duration-ms="17" status="PASS">
          <reporter-output>
          </reporter-output>
        </test-method> <!-- Appium2 -->
        <test-method signature="Appium1()[pri:0, instance:QAVaidehi.SeleniumTest@79b06cab]" started-at="2022-06-14T14:02:01Z" name="Appium1" finished-at="2022-06-14T14:02:01Z" duration-ms="13" status="PASS">
          <reporter-output>
          </reporter-output>
        </test-method> <!-- Appium1 -->
      </class> <!-- QAVaidehi.SeleniumTest -->
    </test> <!-- Test -->
  </suite> <!-- Suite -->
</testng-results>
